2021-03-03 17:47:10,703 [Worker-2: Loading available Gradle versions] INFO  o.e.b.c.i.u.g.PublishedGradleVersions - Gradle version information cache is up-to-date. Trying to read.
2021-03-03 17:47:39,410 [Worker-12: Updating Maven Dependencies] INFO  o.e.m.c.i.l.LifecycleMappingFactory - Using org.eclipse.m2e.jdt.JarLifecycleMapping lifecycle mapping for MavenProject: medicalTest:medicalTest:0.0.1-SNAPSHOT @ D:\eclipse\product\medicalAutoTest\pom.xml.
2021-03-03 17:47:49,943 [Worker-8: Building] WARN  o.e.m.c.i.embedder.EclipseLogger - Using platform encoding (GBK actually) to copy filtered resources, i.e. build is platform dependent!
2021-03-03 17:47:49,951 [Worker-8: Building] INFO  o.e.m.c.i.embedder.EclipseLogger - skip non existing resourceDirectory D:\eclipse\product\medicalAutoTest\src\main\resources
2021-03-03 17:47:49,953 [Worker-8: Building] WARN  o.e.m.c.i.embedder.EclipseLogger - Using platform encoding (GBK actually) to copy filtered resources, i.e. build is platform dependent!
2021-03-03 17:47:49,961 [Worker-8: Building] INFO  o.e.m.c.i.embedder.EclipseLogger - skip non existing resourceDirectory D:\eclipse\product\medicalAutoTest\src\test\resources
2021-03-03 17:47:51,128 [Worker-12: Building] WARN  o.e.m.c.i.embedder.EclipseLogger - Using platform encoding (GBK actually) to copy filtered resources, i.e. build is platform dependent!
2021-03-03 17:47:51,136 [Worker-12: Building] INFO  o.e.m.c.i.embedder.EclipseLogger - skip non existing resourceDirectory D:\eclipse\product\medicalAutoTest\src\main\resources
2021-03-03 17:47:51,137 [Worker-12: Building] WARN  o.e.m.c.i.embedder.EclipseLogger - Using platform encoding (GBK actually) to copy filtered resources, i.e. build is platform dependent!
2021-03-03 17:47:51,144 [Worker-12: Building] INFO  o.e.m.c.i.embedder.EclipseLogger - skip non existing resourceDirectory D:\eclipse\product\medicalAutoTest\src\test\resources
2021-03-04 10:43:23,217 [Worker-6: Loading available Gradle versions] INFO  o.e.b.c.i.u.g.PublishedGradleVersions - Gradle version information cache is up-to-date. Trying to read.
2021-03-04 14:09:30,785 [Worker-5: Loading available Gradle versions] INFO  o.e.b.c.i.u.g.PublishedGradleVersions - Gradle version information cache is up-to-date. Trying to read.
2021-03-04 14:11:45,520 [Worker-1: Launching medicalAutoTest_config.system.Login.xml] WARN  o.e.m.c.i.embedder.EclipseLogger - Using platform encoding (GBK actually) to copy filtered resources, i.e. build is platform dependent!
2021-03-04 14:11:45,528 [Worker-1: Launching medicalAutoTest_config.system.Login.xml] INFO  o.e.m.c.i.embedder.EclipseLogger - skip non existing resourceDirectory D:\eclipse\product\medicalAutoTest\src\main\resources
2021-03-04 14:11:45,530 [Worker-1: Launching medicalAutoTest_config.system.Login.xml] WARN  o.e.m.c.i.embedder.EclipseLogger - Using platform encoding (GBK actually) to copy filtered resources, i.e. build is platform dependent!
2021-03-04 14:11:45,538 [Worker-1: Launching medicalAutoTest_config.system.Login.xml] INFO  o.e.m.c.i.embedder.EclipseLogger - skip non existing resourceDirectory D:\eclipse\product\medicalAutoTest\src\test\resources
2021-03-04 14:37:14,758 [Worker-20: Building] INFO  o.e.m.c.i.l.LifecycleMappingFactory - Using org.eclipse.m2e.jdt.JarLifecycleMapping lifecycle mapping for MavenProject: haiyouheTest:haiyouheTest:0.0.1-SNAPSHOT @ D:\eclipse\product\haiyouheTest\pom.xml.
2021-03-04 14:37:15,916 [Worker-20: Building] WARN  o.e.m.c.i.embedder.EclipseLogger - Using platform encoding (GBK actually) to copy filtered resources, i.e. build is platform dependent!
2021-03-04 14:37:15,924 [Worker-20: Building] INFO  o.e.m.c.i.embedder.EclipseLogger - skip non existing resourceDirectory D:\eclipse\product\haiyouheTest\src\main\resources
2021-03-04 14:37:15,925 [Worker-20: Building] WARN  o.e.m.c.i.embedder.EclipseLogger - Using platform encoding (GBK actually) to copy filtered resources, i.e. build is platform dependent!
2021-03-04 14:37:15,933 [Worker-20: Building] INFO  o.e.m.c.i.embedder.EclipseLogger - skip non existing resourceDirectory D:\eclipse\product\haiyouheTest\src\test\resources
2021-03-04 14:37:18,633 [Worker-20: Building] WARN  o.e.m.c.i.embedder.EclipseLogger - Using platform encoding (GBK actually) to copy filtered resources, i.e. build is platform dependent!
2021-03-04 14:37:18,639 [Worker-20: Building] INFO  o.e.m.c.i.embedder.EclipseLogger - skip non existing resourceDirectory D:\eclipse\product\haiyouheTest\src\main\resources
2021-03-04 14:37:18,640 [Worker-20: Building] WARN  o.e.m.c.i.embedder.EclipseLogger - Using platform encoding (GBK actually) to copy filtered resources, i.e. build is platform dependent!
2021-03-04 14:37:18,647 [Worker-20: Building] INFO  o.e.m.c.i.embedder.EclipseLogger - skip non existing resourceDirectory D:\eclipse\product\haiyouheTest\src\test\resources
2021-03-04 14:44:41,389 [Worker-20: Building] INFO  o.e.m.c.i.l.LifecycleMappingFactory - Using org.eclipse.m2e.jdt.JarLifecycleMapping lifecycle mapping for MavenProject: productFinanceAutoTest:productFinanceAutoTest:0.0.1-SNAPSHOT @ D:\eclipse\product\productFinanceAutoTest\pom.xml.
2021-03-04 14:44:42,341 [Worker-20: Building] WARN  o.e.m.c.i.embedder.EclipseLogger - Using platform encoding (GBK actually) to copy filtered resources, i.e. build is platform dependent!
2021-03-04 14:44:42,347 [Worker-20: Building] INFO  o.e.m.c.i.embedder.EclipseLogger - skip non existing resourceDirectory D:\eclipse\product\productFinanceAutoTest\src\main\resources
2021-03-04 14:44:42,348 [Worker-20: Building] WARN  o.e.m.c.i.embedder.EclipseLogger - Using platform encoding (GBK actually) to copy filtered resources, i.e. build is platform dependent!
2021-03-04 14:44:42,354 [Worker-20: Building] INFO  o.e.m.c.i.embedder.EclipseLogger - skip non existing resourceDirectory D:\eclipse\product\productFinanceAutoTest\src\test\resources
2021-03-04 14:44:44,501 [Worker-27: Building] WARN  o.e.m.c.i.embedder.EclipseLogger - Using platform encoding (GBK actually) to copy filtered resources, i.e. build is platform dependent!
2021-03-04 14:44:44,509 [Worker-27: Building] INFO  o.e.m.c.i.embedder.EclipseLogger - skip non existing resourceDirectory D:\eclipse\product\productFinanceAutoTest\src\main\resources
2021-03-04 14:44:44,510 [Worker-27: Building] WARN  o.e.m.c.i.embedder.EclipseLogger - Using platform encoding (GBK actually) to copy filtered resources, i.e. build is platform dependent!
2021-03-04 14:44:44,517 [Worker-27: Building] INFO  o.e.m.c.i.embedder.EclipseLogger - skip non existing resourceDirectory D:\eclipse\product\productFinanceAutoTest\src\test\resources
2021-03-09 09:45:04,592 [Worker-561: Building] INFO  o.e.m.c.i.l.LifecycleMappingFactory - Using org.eclipse.m2e.jdt.JarLifecycleMapping lifecycle mapping for MavenProject: businessExaminationTest:businessExaminationTest:0.0.1-SNAPSHOT @ D:\eclipse\product\businessExaminationAutoTest\pom.xml.
2021-03-09 09:45:06,810 [Worker-561: Building] WARN  o.e.m.c.i.embedder.EclipseLogger - Using platform encoding (GBK actually) to copy filtered resources, i.e. build is platform dependent!
2021-03-09 09:45:06,822 [Worker-561: Building] INFO  o.e.m.c.i.embedder.EclipseLogger - skip non existing resourceDirectory D:\eclipse\product\businessExaminationAutoTest\src\main\resources
2021-03-09 09:45:06,823 [Worker-561: Building] WARN  o.e.m.c.i.embedder.EclipseLogger - Using platform encoding (GBK actually) to copy filtered resources, i.e. build is platform dependent!
2021-03-09 09:45:06,830 [Worker-561: Building] INFO  o.e.m.c.i.embedder.EclipseLogger - skip non existing resourceDirectory D:\eclipse\product\businessExaminationAutoTest\src\test\resources
2021-03-09 09:45:09,155 [Worker-561: Building] WARN  o.e.m.c.i.embedder.EclipseLogger - Using platform encoding (GBK actually) to copy filtered resources, i.e. build is platform dependent!
2021-03-09 09:45:09,162 [Worker-561: Building] INFO  o.e.m.c.i.embedder.EclipseLogger - skip non existing resourceDirectory D:\eclipse\product\businessExaminationAutoTest\src\main\resources
2021-03-09 09:45:09,163 [Worker-561: Building] WARN  o.e.m.c.i.embedder.EclipseLogger - Using platform encoding (GBK actually) to copy filtered resources, i.e. build is platform dependent!
2021-03-09 09:45:09,169 [Worker-561: Building] INFO  o.e.m.c.i.embedder.EclipseLogger - skip non existing resourceDirectory D:\eclipse\product\businessExaminationAutoTest\src\test\resources
2021-03-18 15:43:16,392 [Worker-0: Loading available Gradle versions] INFO  o.e.b.c.i.u.g.PublishedGradleVersions - Gradle version information cache is out-of-date. Trying to update.
2021-03-18 15:43:22,376 [Worker-11: Building] WARN  o.e.m.c.i.embedder.EclipseLogger - Using platform encoding (GBK actually) to copy filtered resources, i.e. build is platform dependent!
2021-03-18 15:43:22,398 [Worker-11: Building] INFO  o.e.m.c.i.embedder.EclipseLogger - skip non existing resourceDirectory D:\eclipse\product\businessExaminationAutoTest\src\main\resources
2021-03-18 15:43:22,403 [Worker-11: Building] WARN  o.e.m.c.i.embedder.EclipseLogger - Using platform encoding (GBK actually) to copy filtered resources, i.e. build is platform dependent!
2021-03-18 15:43:22,427 [Worker-11: Building] INFO  o.e.m.c.i.embedder.EclipseLogger - skip non existing resourceDirectory D:\eclipse\product\businessExaminationAutoTest\src\test\resources
2021-03-18 15:43:23,434 [Worker-12: Building] WARN  o.e.m.c.i.embedder.EclipseLogger - Using platform encoding (GBK actually) to copy filtered resources, i.e. build is platform dependent!
2021-03-18 15:43:23,443 [Worker-12: Building] INFO  o.e.m.c.i.embedder.EclipseLogger - skip non existing resourceDirectory D:\eclipse\product\businessExaminationAutoTest\src\main\resources
2021-03-18 15:43:23,446 [Worker-12: Building] WARN  o.e.m.c.i.embedder.EclipseLogger - Using platform encoding (GBK actually) to copy filtered resources, i.e. build is platform dependent!
2021-03-18 15:43:23,463 [Worker-12: Building] INFO  o.e.m.c.i.embedder.EclipseLogger - skip non existing resourceDirectory D:\eclipse\product\businessExaminationAutoTest\src\test\resources
2021-03-18 15:43:26,094 [Worker-12: Building] WARN  o.e.m.c.i.embedder.EclipseLogger - Using platform encoding (GBK actually) to copy filtered resources, i.e. build is platform dependent!
2021-03-18 15:43:26,106 [Worker-12: Building] INFO  o.e.m.c.i.embedder.EclipseLogger - skip non existing resourceDirectory D:\eclipse\product\haiyouheTest\src\main\resources
2021-03-18 15:43:26,108 [Worker-12: Building] WARN  o.e.m.c.i.embedder.EclipseLogger - Using platform encoding (GBK actually) to copy filtered resources, i.e. build is platform dependent!
2021-03-18 15:43:26,118 [Worker-12: Building] INFO  o.e.m.c.i.embedder.EclipseLogger - skip non existing resourceDirectory D:\eclipse\product\haiyouheTest\src\test\resources
2021-03-18 15:43:29,961 [Worker-15: Building] WARN  o.e.m.c.i.embedder.EclipseLogger - Using platform encoding (GBK actually) to copy filtered resources, i.e. build is platform dependent!
2021-03-18 15:43:29,972 [Worker-15: Building] INFO  o.e.m.c.i.embedder.EclipseLogger - skip non existing resourceDirectory D:\eclipse\product\medicalAutoTest\src\main\resources
2021-03-18 15:43:29,974 [Worker-15: Building] WARN  o.e.m.c.i.embedder.EclipseLogger - Using platform encoding (GBK actually) to copy filtered resources, i.e. build is platform dependent!
2021-03-18 15:43:29,998 [Worker-15: Building] INFO  o.e.m.c.i.embedder.EclipseLogger - skip non existing resourceDirectory D:\eclipse\product\medicalAutoTest\src\test\resources
2021-03-18 15:43:30,793 [Worker-14: Building] WARN  o.e.m.c.i.embedder.EclipseLogger - Using platform encoding (GBK actually) to copy filtered resources, i.e. build is platform dependent!
2021-03-18 15:43:30,807 [Worker-14: Building] INFO  o.e.m.c.i.embedder.EclipseLogger - skip non existing resourceDirectory D:\eclipse\product\medicalAutoTest\src\main\resources
2021-03-18 15:43:30,809 [Worker-14: Building] WARN  o.e.m.c.i.embedder.EclipseLogger - Using platform encoding (GBK actually) to copy filtered resources, i.e. build is platform dependent!
2021-03-18 15:43:30,822 [Worker-14: Building] INFO  o.e.m.c.i.embedder.EclipseLogger - skip non existing resourceDirectory D:\eclipse\product\medicalAutoTest\src\test\resources
2021-03-18 15:43:31,814 [Worker-14: Building] WARN  o.e.m.c.i.embedder.EclipseLogger - Using platform encoding (GBK actually) to copy filtered resources, i.e. build is platform dependent!
2021-03-18 15:43:31,829 [Worker-14: Building] INFO  o.e.m.c.i.embedder.EclipseLogger - skip non existing resourceDirectory D:\eclipse\product\productFinanceAutoTest\src\main\resources
2021-03-18 15:43:31,831 [Worker-14: Building] WARN  o.e.m.c.i.embedder.EclipseLogger - Using platform encoding (GBK actually) to copy filtered resources, i.e. build is platform dependent!
2021-03-18 15:43:31,845 [Worker-14: Building] INFO  o.e.m.c.i.embedder.EclipseLogger - skip non existing resourceDirectory D:\eclipse\product\productFinanceAutoTest\src\test\resources
2021-03-19 10:20:17,371 [Worker-38: Creating project "httpclient"] INFO  o.e.m.c.i.l.LifecycleMappingFactory - Using org.eclipse.m2e.jdt.JarLifecycleMapping lifecycle mapping for MavenProject: com.mytest:httpclient:0.0.1-SNAPSHOT @ D:\eclipse\product\httpclient\pom.xml.
2021-03-19 10:20:17,884 [Worker-38: Creating project "httpclient"] INFO  o.e.m.j.i.AbstractJavaProjectConfigurator - Adding source folder /httpclient/src/main/java
2021-03-19 10:20:17,886 [Worker-38: Creating project "httpclient"] INFO  o.e.m.j.i.AbstractJavaProjectConfigurator - Adding resource folder /httpclient/src/main/resources
2021-03-19 10:20:17,886 [Worker-38: Creating project "httpclient"] INFO  o.e.m.j.i.AbstractJavaProjectConfigurator - Adding source folder /httpclient/src/test/java
2021-03-19 10:20:17,887 [Worker-38: Creating project "httpclient"] INFO  o.e.m.j.i.AbstractJavaProjectConfigurator - Adding resource folder /httpclient/src/test/resources
2021-03-19 10:20:18,330 [Worker-40: Building] WARN  o.e.m.c.i.embedder.EclipseLogger - Using platform encoding (GBK actually) to copy filtered resources, i.e. build is platform dependent!
2021-03-19 10:20:18,353 [Worker-40: Building] INFO  o.e.m.c.i.embedder.EclipseLogger - Copying 0 resource
2021-03-19 10:20:18,355 [Worker-40: Building] WARN  o.e.m.c.i.embedder.EclipseLogger - Using platform encoding (GBK actually) to copy filtered resources, i.e. build is platform dependent!
2021-03-19 10:20:18,363 [Worker-40: Building] INFO  o.e.m.c.i.embedder.EclipseLogger - Copying 0 resource
2021-03-19 11:12:17,081 [Worker-45: Building] WARN  o.e.m.c.i.embedder.EclipseLogger - Using platform encoding (GBK actually) to copy filtered resources, i.e. build is platform dependent!
2021-03-19 11:12:17,100 [Worker-45: Building] INFO  o.e.m.c.i.embedder.EclipseLogger - Copying 0 resource
2021-03-19 11:12:17,106 [Worker-45: Building] WARN  o.e.m.c.i.embedder.EclipseLogger - Using platform encoding (GBK actually) to copy filtered resources, i.e. build is platform dependent!
2021-03-19 11:12:17,120 [Worker-45: Building] INFO  o.e.m.c.i.embedder.EclipseLogger - Copying 0 resource
2021-03-19 11:12:34,664 [Worker-39: Building] WARN  o.e.m.c.i.embedder.EclipseLogger - Using platform encoding (GBK actually) to copy filtered resources, i.e. build is platform dependent!
2021-03-19 11:12:34,673 [Worker-39: Building] INFO  o.e.m.c.i.embedder.EclipseLogger - Copying 0 resource
2021-03-19 11:12:34,675 [Worker-39: Building] WARN  o.e.m.c.i.embedder.EclipseLogger - Using platform encoding (GBK actually) to copy filtered resources, i.e. build is platform dependent!
2021-03-19 11:12:34,687 [Worker-39: Building] INFO  o.e.m.c.i.embedder.EclipseLogger - Copying 0 resource
2021-03-19 11:13:13,861 [Worker-43: Building] INFO  o.e.m.c.i.l.LifecycleMappingFactory - Using org.eclipse.m2e.jdt.JarLifecycleMapping lifecycle mapping for MavenProject: com.mytest:httpclient:0.0.1-SNAPSHOT @ D:\eclipse\product\httpclient\pom.xml.
2021-03-19 11:13:14,098 [Worker-43: Building] WARN  o.e.m.c.i.embedder.EclipseLogger - Using platform encoding (GBK actually) to copy filtered resources, i.e. build is platform dependent!
2021-03-19 11:13:14,106 [Worker-43: Building] INFO  o.e.m.c.i.embedder.EclipseLogger - Copying 0 resource
2021-03-19 11:13:14,107 [Worker-43: Building] WARN  o.e.m.c.i.embedder.EclipseLogger - Using platform encoding (GBK actually) to copy filtered resources, i.e. build is platform dependent!
2021-03-19 11:13:14,116 [Worker-43: Building] INFO  o.e.m.c.i.embedder.EclipseLogger - Copying 0 resource
2021-03-19 11:13:15,445 [Worker-38: Building] WARN  o.e.m.c.i.embedder.EclipseLogger - Using platform encoding (GBK actually) to copy filtered resources, i.e. build is platform dependent!
2021-03-19 11:13:15,453 [Worker-38: Building] INFO  o.e.m.c.i.embedder.EclipseLogger - Copying 0 resource
2021-03-19 11:13:15,454 [Worker-38: Building] WARN  o.e.m.c.i.embedder.EclipseLogger - Using platform encoding (GBK actually) to copy filtered resources, i.e. build is platform dependent!
2021-03-19 11:13:15,462 [Worker-38: Building] INFO  o.e.m.c.i.embedder.EclipseLogger - Copying 0 resource
2021-03-19 11:13:48,583 [Worker-43: Launching SimpleGetTest] WARN  o.e.m.c.i.embedder.EclipseLogger - Using platform encoding (GBK actually) to copy filtered resources, i.e. build is platform dependent!
2021-03-19 11:13:48,597 [Worker-43: Launching SimpleGetTest] INFO  o.e.m.c.i.embedder.EclipseLogger - Copying 0 resource
2021-03-19 11:13:48,598 [Worker-43: Launching SimpleGetTest] WARN  o.e.m.c.i.embedder.EclipseLogger - Using platform encoding (GBK actually) to copy filtered resources, i.e. build is platform dependent!
2021-03-19 11:13:48,609 [Worker-43: Launching SimpleGetTest] INFO  o.e.m.c.i.embedder.EclipseLogger - Copying 0 resource
2021-03-19 15:12:16,085 [Worker-6: Loading available Gradle versions] INFO  o.e.b.c.i.u.g.PublishedGradleVersions - Gradle version information cache is up-to-date. Trying to read.
2021-03-19 15:28:23,184 [Worker-16: reload maven project] ERROR o.e.m2e.editor.pom.MavenPomEditor - failed to load maven project for org.eclipse.ui.part.FileEditorInput(/httpclient/pom.xml)
org.eclipse.core.runtime.CoreException: Could not read maven project
	at org.eclipse.m2e.core.internal.project.registry.ProjectRegistryManager.readProjectWithDependencies(ProjectRegistryManager.java:847) ~[na:na]
	at org.eclipse.m2e.core.internal.project.registry.ProjectRegistryManager.lambda$22(ProjectRegistryManager.java:1064) ~[na:na]
	at com.google.common.cache.LocalCache$LocalManualCache$1.load(LocalCache.java:4878) ~[na:na]
	at com.google.common.cache.LocalCache$LoadingValueReference.loadFuture(LocalCache.java:3529) ~[na:na]
	at com.google.common.cache.LocalCache$Segment.loadSync(LocalCache.java:2278) ~[na:na]
	at com.google.common.cache.LocalCache$Segment.lockedGetOrLoad(LocalCache.java:2155) ~[na:na]
	at com.google.common.cache.LocalCache$Segment.get(LocalCache.java:2045) ~[na:na]
	at com.google.common.cache.LocalCache.get(LocalCache.java:3953) ~[na:na]
	at com.google.common.cache.LocalCache$LocalManualCache.get(LocalCache.java:4873) ~[na:na]
	at org.eclipse.m2e.core.internal.project.registry.ProjectRegistryManager.getMavenProject(ProjectRegistryManager.java:1063) ~[na:na]
	at org.eclipse.m2e.core.internal.project.registry.MavenProjectFacade.getMavenProject(MavenProjectFacade.java:244) ~[na:na]
	at org.eclipse.m2e.core.ui.internal.actions.SelectionUtil.getMavenProject(SelectionUtil.java:261) ~[org.eclipse.m2e.core.ui_1.14.0.20191209-1925.jar:na]
	at org.eclipse.m2e.editor.pom.MavenPomEditor.readMavenProject(MavenPomEditor.java:717) ~[na:na]
	at org.eclipse.m2e.editor.pom.MavenPomEditor$3.run(MavenPomEditor.java:1043) ~[na:na]
	at org.eclipse.core.internal.jobs.Worker.run(Worker.java:63) [org.eclipse.core.jobs_3.10.600.v20191122-2104.jar:na]
2021-03-19 15:56:25,500 [Worker-24: Launching businessExaminationAutoTest_config.system.Login.xml] WARN  o.e.m.c.i.embedder.EclipseLogger - Using platform encoding (GBK actually) to copy filtered resources, i.e. build is platform dependent!
2021-03-19 15:56:25,508 [Worker-24: Launching businessExaminationAutoTest_config.system.Login.xml] INFO  o.e.m.c.i.embedder.EclipseLogger - skip non existing resourceDirectory D:\eclipse\product\businessExaminationAutoTest\src\main\resources
2021-03-19 15:56:25,509 [Worker-24: Launching businessExaminationAutoTest_config.system.Login.xml] WARN  o.e.m.c.i.embedder.EclipseLogger - Using platform encoding (GBK actually) to copy filtered resources, i.e. build is platform dependent!
2021-03-19 15:56:25,516 [Worker-24: Launching businessExaminationAutoTest_config.system.Login.xml] INFO  o.e.m.c.i.embedder.EclipseLogger - skip non existing resourceDirectory D:\eclipse\product\businessExaminationAutoTest\src\test\resources
2021-03-19 15:56:57,601 [Worker-20: Building] WARN  o.e.m.c.i.embedder.EclipseLogger - Using platform encoding (GBK actually) to copy filtered resources, i.e. build is platform dependent!
2021-03-19 15:56:57,609 [Worker-20: Building] INFO  o.e.m.c.i.embedder.EclipseLogger - skip non existing resourceDirectory D:\eclipse\product\businessExaminationAutoTest\src\main\resources
2021-03-19 15:56:57,611 [Worker-20: Building] WARN  o.e.m.c.i.embedder.EclipseLogger - Using platform encoding (GBK actually) to copy filtered resources, i.e. build is platform dependent!
2021-03-19 15:56:57,618 [Worker-20: Building] INFO  o.e.m.c.i.embedder.EclipseLogger - skip non existing resourceDirectory D:\eclipse\product\businessExaminationAutoTest\src\test\resources
2021-03-25 10:23:12,348 [Worker-4: Loading available Gradle versions] INFO  o.e.b.c.i.u.g.PublishedGradleVersions - Gradle version information cache is out-of-date. Trying to update.
2021-03-25 10:23:16,147 [Worker-1: Updating Maven Dependencies] INFO  o.e.m.c.i.l.LifecycleMappingFactory - Using org.eclipse.m2e.jdt.JarLifecycleMapping lifecycle mapping for MavenProject: medicalTest:medicalTest:0.0.1-SNAPSHOT @ D:\eclipse\product\medicalAutoTest\pom.xml.
2021-03-25 10:23:17,249 [Worker-1: Updating Maven Dependencies] INFO  o.e.m.c.i.l.LifecycleMappingFactory - Using org.eclipse.m2e.jdt.JarLifecycleMapping lifecycle mapping for MavenProject: haiyouheTest:haiyouheTest:0.0.1-SNAPSHOT @ D:\eclipse\product\haiyouheTest\pom.xml.
2021-03-25 10:23:17,471 [Worker-1: Updating Maven Dependencies] INFO  o.e.m.c.i.l.LifecycleMappingFactory - Using org.eclipse.m2e.jdt.JarLifecycleMapping lifecycle mapping for MavenProject: productFinanceAutoTest:productFinanceAutoTest:0.0.1-SNAPSHOT @ D:\eclipse\product\productFinanceAutoTest\pom.xml.
2021-03-25 10:23:17,609 [Worker-1: Updating Maven Dependencies] INFO  o.e.m.c.i.l.LifecycleMappingFactory - Using org.eclipse.m2e.jdt.JarLifecycleMapping lifecycle mapping for MavenProject: businessExaminationTest:businessExaminationTest:0.0.1-SNAPSHOT @ D:\eclipse\product\businessExaminationAutoTest\pom.xml.
2021-03-25 10:23:21,116 [Worker-7: Building] WARN  o.e.m.c.i.embedder.EclipseLogger - Using platform encoding (GBK actually) to copy filtered resources, i.e. build is platform dependent!
2021-03-25 10:23:21,127 [Worker-7: Building] INFO  o.e.m.c.i.embedder.EclipseLogger - skip non existing resourceDirectory D:\eclipse\product\businessExaminationAutoTest\src\main\resources
2021-03-25 10:23:21,129 [Worker-7: Building] WARN  o.e.m.c.i.embedder.EclipseLogger - Using platform encoding (GBK actually) to copy filtered resources, i.e. build is platform dependent!
2021-03-25 10:23:21,137 [Worker-7: Building] INFO  o.e.m.c.i.embedder.EclipseLogger - skip non existing resourceDirectory D:\eclipse\product\businessExaminationAutoTest\src\test\resources
2021-03-25 10:23:22,199 [Worker-7: Building] WARN  o.e.m.c.i.embedder.EclipseLogger - Using platform encoding (GBK actually) to copy filtered resources, i.e. build is platform dependent!
2021-03-25 10:23:22,208 [Worker-7: Building] INFO  o.e.m.c.i.embedder.EclipseLogger - skip non existing resourceDirectory D:\eclipse\product\haiyouheTest\src\main\resources
2021-03-25 10:23:22,209 [Worker-7: Building] WARN  o.e.m.c.i.embedder.EclipseLogger - Using platform encoding (GBK actually) to copy filtered resources, i.e. build is platform dependent!
2021-03-25 10:23:22,219 [Worker-7: Building] INFO  o.e.m.c.i.embedder.EclipseLogger - skip non existing resourceDirectory D:\eclipse\product\haiyouheTest\src\test\resources
2021-03-25 10:23:23,076 [Worker-7: Building] WARN  o.e.m.c.i.embedder.EclipseLogger - Using platform encoding (GBK actually) to copy filtered resources, i.e. build is platform dependent!
2021-03-25 10:23:23,091 [Worker-7: Building] INFO  o.e.m.c.i.embedder.EclipseLogger - skip non existing resourceDirectory D:\eclipse\product\medicalAutoTest\src\main\resources
2021-03-25 10:23:23,094 [Worker-7: Building] WARN  o.e.m.c.i.embedder.EclipseLogger - Using platform encoding (GBK actually) to copy filtered resources, i.e. build is platform dependent!
2021-03-25 10:23:23,107 [Worker-7: Building] INFO  o.e.m.c.i.embedder.EclipseLogger - skip non existing resourceDirectory D:\eclipse\product\medicalAutoTest\src\test\resources
2021-03-25 10:23:23,759 [Worker-7: Building] WARN  o.e.m.c.i.embedder.EclipseLogger - Using platform encoding (GBK actually) to copy filtered resources, i.e. build is platform dependent!
2021-03-25 10:23:23,768 [Worker-7: Building] INFO  o.e.m.c.i.embedder.EclipseLogger - skip non existing resourceDirectory D:\eclipse\product\productFinanceAutoTest\src\main\resources
2021-03-25 10:23:23,769 [Worker-7: Building] WARN  o.e.m.c.i.embedder.EclipseLogger - Using platform encoding (GBK actually) to copy filtered resources, i.e. build is platform dependent!
2021-03-25 10:23:23,777 [Worker-7: Building] INFO  o.e.m.c.i.embedder.EclipseLogger - skip non existing resourceDirectory D:\eclipse\product\productFinanceAutoTest\src\test\resources
2021-03-25 16:05:00,851 [Worker-54: Building] WARN  o.e.m.c.i.embedder.EclipseLogger - Using platform encoding (GBK actually) to copy filtered resources, i.e. build is platform dependent!
2021-03-25 16:05:00,866 [Worker-54: Building] INFO  o.e.m.c.i.embedder.EclipseLogger - skip non existing resourceDirectory D:\eclipse\product\businessExaminationAutoTest\src\main\resources
2021-03-25 16:05:00,867 [Worker-54: Building] WARN  o.e.m.c.i.embedder.EclipseLogger - Using platform encoding (GBK actually) to copy filtered resources, i.e. build is platform dependent!
2021-03-25 16:05:00,875 [Worker-54: Building] INFO  o.e.m.c.i.embedder.EclipseLogger - skip non existing resourceDirectory D:\eclipse\product\businessExaminationAutoTest\src\test\resources
2021-03-26 14:43:26,565 [Worker-115: Building] WARN  o.e.m.c.i.embedder.EclipseLogger - Using platform encoding (GBK actually) to copy filtered resources, i.e. build is platform dependent!
2021-03-26 14:43:26,586 [Worker-115: Building] INFO  o.e.m.c.i.embedder.EclipseLogger - skip non existing resourceDirectory D:\eclipse\product\businessExaminationAutoTest\src\main\resources
2021-03-26 14:43:26,588 [Worker-115: Building] WARN  o.e.m.c.i.embedder.EclipseLogger - Using platform encoding (GBK actually) to copy filtered resources, i.e. build is platform dependent!
2021-03-26 14:43:26,598 [Worker-115: Building] INFO  o.e.m.c.i.embedder.EclipseLogger - skip non existing resourceDirectory D:\eclipse\product\businessExaminationAutoTest\src\test\resources
2021-03-26 14:48:49,781 [Worker-0: Loading available Gradle versions] INFO  o.e.b.c.i.u.g.PublishedGradleVersions - Gradle version information cache is out-of-date. Trying to update.
2021-03-26 15:33:19,335 [Worker-29: Launching productFinanceAutoTest_config.system.Login.xml] WARN  o.e.m.c.i.embedder.EclipseLogger - Using platform encoding (GBK actually) to copy filtered resources, i.e. build is platform dependent!
2021-03-26 15:33:19,349 [Worker-29: Launching productFinanceAutoTest_config.system.Login.xml] INFO  o.e.m.c.i.embedder.EclipseLogger - skip non existing resourceDirectory D:\eclipse\product\productFinanceAutoTest\src\main\resources
2021-03-26 15:33:19,351 [Worker-29: Launching productFinanceAutoTest_config.system.Login.xml] WARN  o.e.m.c.i.embedder.EclipseLogger - Using platform encoding (GBK actually) to copy filtered resources, i.e. build is platform dependent!
2021-03-26 15:33:19,358 [Worker-29: Launching productFinanceAutoTest_config.system.Login.xml] INFO  o.e.m.c.i.embedder.EclipseLogger - skip non existing resourceDirectory D:\eclipse\product\productFinanceAutoTest\src\test\resources
2021-03-26 17:53:23,988 [Worker-51: Building] WARN  o.e.m.c.i.embedder.EclipseLogger - Using platform encoding (GBK actually) to copy filtered resources, i.e. build is platform dependent!
2021-03-26 17:53:24,042 [Worker-51: Building] INFO  o.e.m.c.i.embedder.EclipseLogger - skip non existing resourceDirectory D:\eclipse\product\medicalAutoTest\src\main\resources
2021-03-26 17:53:24,043 [Worker-51: Building] WARN  o.e.m.c.i.embedder.EclipseLogger - Using platform encoding (GBK actually) to copy filtered resources, i.e. build is platform dependent!
2021-03-26 17:53:24,049 [Worker-51: Building] INFO  o.e.m.c.i.embedder.EclipseLogger - skip non existing resourceDirectory D:\eclipse\product\medicalAutoTest\src\test\resources
2021-03-26 17:53:25,191 [Worker-47: Building] WARN  o.e.m.c.i.embedder.EclipseLogger - Using platform encoding (GBK actually) to copy filtered resources, i.e. build is platform dependent!
2021-03-26 17:53:25,199 [Worker-47: Building] INFO  o.e.m.c.i.embedder.EclipseLogger - skip non existing resourceDirectory D:\eclipse\product\medicalAutoTest\src\main\resources
2021-03-26 17:53:25,200 [Worker-47: Building] WARN  o.e.m.c.i.embedder.EclipseLogger - Using platform encoding (GBK actually) to copy filtered resources, i.e. build is platform dependent!
2021-03-26 17:53:25,208 [Worker-47: Building] INFO  o.e.m.c.i.embedder.EclipseLogger - skip non existing resourceDirectory D:\eclipse\product\medicalAutoTest\src\test\resources
2021-03-26 17:53:35,820 [Worker-51: Building] WARN  o.e.m.c.i.embedder.EclipseLogger - Using platform encoding (GBK actually) to copy filtered resources, i.e. build is platform dependent!
2021-03-26 17:53:35,832 [Worker-51: Building] INFO  o.e.m.c.i.embedder.EclipseLogger - skip non existing resourceDirectory D:\eclipse\product\medicalAutoTest\src\main\resources
2021-03-26 17:53:35,834 [Worker-51: Building] WARN  o.e.m.c.i.embedder.EclipseLogger - Using platform encoding (GBK actually) to copy filtered resources, i.e. build is platform dependent!
2021-03-26 17:53:35,844 [Worker-51: Building] INFO  o.e.m.c.i.embedder.EclipseLogger - skip non existing resourceDirectory D:\eclipse\product\medicalAutoTest\src\test\resources
2021-03-26 17:57:10,528 [Worker-55: Building] WARN  o.e.m.c.i.embedder.EclipseLogger - Using platform encoding (GBK actually) to copy filtered resources, i.e. build is platform dependent!
2021-03-26 17:57:10,538 [Worker-55: Building] INFO  o.e.m.c.i.embedder.EclipseLogger - skip non existing resourceDirectory D:\eclipse\product\medicalAutoTest\src\main\resources
2021-03-26 17:57:10,539 [Worker-55: Building] WARN  o.e.m.c.i.embedder.EclipseLogger - Using platform encoding (GBK actually) to copy filtered resources, i.e. build is platform dependent!
2021-03-26 17:57:10,548 [Worker-55: Building] INFO  o.e.m.c.i.embedder.EclipseLogger - skip non existing resourceDirectory D:\eclipse\product\medicalAutoTest\src\test\resources
2021-03-26 17:57:32,585 [Worker-51: Building] WARN  o.e.m.c.i.embedder.EclipseLogger - Using platform encoding (GBK actually) to copy filtered resources, i.e. build is platform dependent!
2021-03-26 17:57:32,596 [Worker-51: Building] INFO  o.e.m.c.i.embedder.EclipseLogger - skip non existing resourceDirectory D:\eclipse\product\medicalAutoTest\src\main\resources
2021-03-26 17:57:32,597 [Worker-51: Building] WARN  o.e.m.c.i.embedder.EclipseLogger - Using platform encoding (GBK actually) to copy filtered resources, i.e. build is platform dependent!
2021-03-26 17:57:32,605 [Worker-51: Building] INFO  o.e.m.c.i.embedder.EclipseLogger - skip non existing resourceDirectory D:\eclipse\product\medicalAutoTest\src\test\resources
2021-03-26 17:57:45,251 [Worker-56: Building] WARN  o.e.m.c.i.embedder.EclipseLogger - Using platform encoding (GBK actually) to copy filtered resources, i.e. build is platform dependent!
2021-03-26 17:57:45,259 [Worker-56: Building] INFO  o.e.m.c.i.embedder.EclipseLogger - skip non existing resourceDirectory D:\eclipse\product\medicalAutoTest\src\main\resources
2021-03-26 17:57:45,261 [Worker-56: Building] WARN  o.e.m.c.i.embedder.EclipseLogger - Using platform encoding (GBK actually) to copy filtered resources, i.e. build is platform dependent!
2021-03-26 17:57:45,271 [Worker-56: Building] INFO  o.e.m.c.i.embedder.EclipseLogger - skip non existing resourceDirectory D:\eclipse\product\medicalAutoTest\src\test\resources
2021-03-26 17:57:51,445 [Worker-51: Building] WARN  o.e.m.c.i.embedder.EclipseLogger - Using platform encoding (GBK actually) to copy filtered resources, i.e. build is platform dependent!
2021-03-26 17:57:51,454 [Worker-51: Building] INFO  o.e.m.c.i.embedder.EclipseLogger - skip non existing resourceDirectory D:\eclipse\product\medicalAutoTest\src\main\resources
2021-03-26 17:57:51,455 [Worker-51: Building] WARN  o.e.m.c.i.embedder.EclipseLogger - Using platform encoding (GBK actually) to copy filtered resources, i.e. build is platform dependent!
2021-03-26 17:57:51,463 [Worker-51: Building] INFO  o.e.m.c.i.embedder.EclipseLogger - skip non existing resourceDirectory D:\eclipse\product\medicalAutoTest\src\test\resources
2021-03-29 09:26:18,092 [Worker-4: Loading available Gradle versions] INFO  o.e.b.c.i.u.g.PublishedGradleVersions - Gradle version information cache is up-to-date. Trying to read.
2021-03-29 09:26:22,819 [Worker-9: Building] WARN  o.e.m.c.i.embedder.EclipseLogger - Using platform encoding (GBK actually) to copy filtered resources, i.e. build is platform dependent!
2021-03-29 09:26:22,828 [Worker-9: Building] INFO  o.e.m.c.i.embedder.EclipseLogger - skip non existing resourceDirectory D:\eclipse\product\businessExaminationAutoTest\src\main\resources
2021-03-29 09:26:22,829 [Worker-9: Building] WARN  o.e.m.c.i.embedder.EclipseLogger - Using platform encoding (GBK actually) to copy filtered resources, i.e. build is platform dependent!
2021-03-29 09:26:22,837 [Worker-9: Building] INFO  o.e.m.c.i.embedder.EclipseLogger - skip non existing resourceDirectory D:\eclipse\product\businessExaminationAutoTest\src\test\resources
2021-03-29 09:26:26,949 [Worker-9: Building] WARN  o.e.m.c.i.embedder.EclipseLogger - Using platform encoding (GBK actually) to copy filtered resources, i.e. build is platform dependent!
2021-03-29 09:26:26,960 [Worker-9: Building] INFO  o.e.m.c.i.embedder.EclipseLogger - skip non existing resourceDirectory D:\eclipse\product\medicalAutoTest\src\main\resources
2021-03-29 09:26:26,963 [Worker-9: Building] WARN  o.e.m.c.i.embedder.EclipseLogger - Using platform encoding (GBK actually) to copy filtered resources, i.e. build is platform dependent!
2021-03-29 09:26:26,980 [Worker-9: Building] INFO  o.e.m.c.i.embedder.EclipseLogger - skip non existing resourceDirectory D:\eclipse\product\medicalAutoTest\src\test\resources
2021-03-29 09:26:27,318 [Worker-8: Building] WARN  o.e.m.c.i.embedder.EclipseLogger - Using platform encoding (GBK actually) to copy filtered resources, i.e. build is platform dependent!
2021-03-29 09:26:27,329 [Worker-8: Building] INFO  o.e.m.c.i.embedder.EclipseLogger - skip non existing resourceDirectory D:\eclipse\product\medicalAutoTest\src\main\resources
2021-03-29 09:26:27,330 [Worker-8: Building] WARN  o.e.m.c.i.embedder.EclipseLogger - Using platform encoding (GBK actually) to copy filtered resources, i.e. build is platform dependent!
2021-03-29 09:26:27,339 [Worker-8: Building] INFO  o.e.m.c.i.embedder.EclipseLogger - skip non existing resourceDirectory D:\eclipse\product\medicalAutoTest\src\test\resources
2021-03-29 09:26:28,420 [Worker-8: Building] WARN  o.e.m.c.i.embedder.EclipseLogger - Using platform encoding (GBK actually) to copy filtered resources, i.e. build is platform dependent!
2021-03-29 09:26:28,428 [Worker-8: Building] INFO  o.e.m.c.i.embedder.EclipseLogger - skip non existing resourceDirectory D:\eclipse\product\productFinanceAutoTest\src\main\resources
2021-03-29 09:26:28,429 [Worker-8: Building] WARN  o.e.m.c.i.embedder.EclipseLogger - Using platform encoding (GBK actually) to copy filtered resources, i.e. build is platform dependent!
2021-03-29 09:26:28,439 [Worker-8: Building] INFO  o.e.m.c.i.embedder.EclipseLogger - skip non existing resourceDirectory D:\eclipse\product\productFinanceAutoTest\src\test\resources
2021-04-13 19:17:43,328 [Worker-1340: Launching UserTest] WARN  o.e.m.c.i.embedder.EclipseLogger - Using platform encoding (GBK actually) to copy filtered resources, i.e. build is platform dependent!
2021-04-13 19:17:43,339 [Worker-1340: Launching UserTest] INFO  o.e.m.c.i.embedder.EclipseLogger - skip non existing resourceDirectory D:\eclipse\product\productFinanceAutoTest\src\main\resources
2021-04-13 19:17:43,340 [Worker-1340: Launching UserTest] WARN  o.e.m.c.i.embedder.EclipseLogger - Using platform encoding (GBK actually) to copy filtered resources, i.e. build is platform dependent!
2021-04-13 19:17:43,351 [Worker-1340: Launching UserTest] INFO  o.e.m.c.i.embedder.EclipseLogger - skip non existing resourceDirectory D:\eclipse\product\productFinanceAutoTest\src\test\resources
2021-04-14 09:56:39,041 [Worker-0: Loading available Gradle versions] INFO  o.e.b.c.i.u.g.PublishedGradleVersions - Gradle version information cache is up-to-date. Trying to read.
2021-04-14 09:56:46,824 [Worker-0: Building] WARN  o.e.m.c.i.embedder.EclipseLogger - Using platform encoding (GBK actually) to copy filtered resources, i.e. build is platform dependent!
2021-04-14 09:56:46,838 [Worker-0: Building] INFO  o.e.m.c.i.embedder.EclipseLogger - skip non existing resourceDirectory D:\eclipse\product\businessExaminationAutoTest\src\main\resources
2021-04-14 09:56:46,842 [Worker-0: Building] WARN  o.e.m.c.i.embedder.EclipseLogger - Using platform encoding (GBK actually) to copy filtered resources, i.e. build is platform dependent!
2021-04-14 09:56:46,857 [Worker-0: Building] INFO  o.e.m.c.i.embedder.EclipseLogger - skip non existing resourceDirectory D:\eclipse\product\businessExaminationAutoTest\src\test\resources
2021-04-14 09:56:52,539 [Worker-16: Building] WARN  o.e.m.c.i.embedder.EclipseLogger - Using platform encoding (GBK actually) to copy filtered resources, i.e. build is platform dependent!
2021-04-14 09:56:52,563 [Worker-16: Building] INFO  o.e.m.c.i.embedder.EclipseLogger - skip non existing resourceDirectory D:\eclipse\product\businessExaminationAutoTest\src\main\resources
2021-04-14 09:56:52,566 [Worker-16: Building] WARN  o.e.m.c.i.embedder.EclipseLogger - Using platform encoding (GBK actually) to copy filtered resources, i.e. build is platform dependent!
2021-04-14 09:56:52,582 [Worker-16: Building] INFO  o.e.m.c.i.embedder.EclipseLogger - skip non existing resourceDirectory D:\eclipse\product\businessExaminationAutoTest\src\test\resources
2021-04-14 09:56:53,978 [Worker-16: Building] WARN  o.e.m.c.i.embedder.EclipseLogger - Using platform encoding (GBK actually) to copy filtered resources, i.e. build is platform dependent!
2021-04-14 09:56:53,993 [Worker-16: Building] INFO  o.e.m.c.i.embedder.EclipseLogger - skip non existing resourceDirectory D:\eclipse\product\medicalAutoTest\src\main\resources
2021-04-14 09:56:53,995 [Worker-16: Building] WARN  o.e.m.c.i.embedder.EclipseLogger - Using platform encoding (GBK actually) to copy filtered resources, i.e. build is platform dependent!
2021-04-14 09:56:54,019 [Worker-16: Building] INFO  o.e.m.c.i.embedder.EclipseLogger - skip non existing resourceDirectory D:\eclipse\product\medicalAutoTest\src\test\resources
2021-04-14 09:56:54,424 [Worker-0: Building] WARN  o.e.m.c.i.embedder.EclipseLogger - Using platform encoding (GBK actually) to copy filtered resources, i.e. build is platform dependent!
2021-04-14 09:56:54,445 [Worker-0: Building] INFO  o.e.m.c.i.embedder.EclipseLogger - skip non existing resourceDirectory D:\eclipse\product\medicalAutoTest\src\main\resources
2021-04-14 09:56:54,447 [Worker-0: Building] WARN  o.e.m.c.i.embedder.EclipseLogger - Using platform encoding (GBK actually) to copy filtered resources, i.e. build is platform dependent!
2021-04-14 09:56:54,474 [Worker-0: Building] INFO  o.e.m.c.i.embedder.EclipseLogger - skip non existing resourceDirectory D:\eclipse\product\medicalAutoTest\src\test\resources
2021-04-14 09:56:56,131 [Worker-0: Building] WARN  o.e.m.c.i.embedder.EclipseLogger - Using platform encoding (GBK actually) to copy filtered resources, i.e. build is platform dependent!
2021-04-14 09:56:56,147 [Worker-0: Building] INFO  o.e.m.c.i.embedder.EclipseLogger - skip non existing resourceDirectory D:\eclipse\product\productFinanceAutoTest\src\main\resources
2021-04-14 09:56:56,149 [Worker-0: Building] WARN  o.e.m.c.i.embedder.EclipseLogger - Using platform encoding (GBK actually) to copy filtered resources, i.e. build is platform dependent!
2021-04-14 09:56:56,163 [Worker-0: Building] INFO  o.e.m.c.i.embedder.EclipseLogger - skip non existing resourceDirectory D:\eclipse\product\productFinanceAutoTest\src\test\resources
2021-04-19 19:00:20,199 [Worker-663: Building] WARN  o.e.m.c.i.embedder.EclipseLogger - Using platform encoding (GBK actually) to copy filtered resources, i.e. build is platform dependent!
2021-04-19 19:00:20,220 [Worker-663: Building] INFO  o.e.m.c.i.embedder.EclipseLogger - skip non existing resourceDirectory D:\eclipse\product\businessExaminationAutoTest\src\main\resources
2021-04-19 19:00:20,221 [Worker-663: Building] WARN  o.e.m.c.i.embedder.EclipseLogger - Using platform encoding (GBK actually) to copy filtered resources, i.e. build is platform dependent!
2021-04-19 19:00:20,231 [Worker-663: Building] INFO  o.e.m.c.i.embedder.EclipseLogger - skip non existing resourceDirectory D:\eclipse\product\businessExaminationAutoTest\src\test\resources
2021-04-19 19:00:21,747 [Worker-663: Building] WARN  o.e.m.c.i.embedder.EclipseLogger - Using platform encoding (GBK actually) to copy filtered resources, i.e. build is platform dependent!
2021-04-19 19:00:21,759 [Worker-663: Building] INFO  o.e.m.c.i.embedder.EclipseLogger - skip non existing resourceDirectory D:\eclipse\product\medicalAutoTest\src\main\resources
2021-04-19 19:00:21,761 [Worker-663: Building] WARN  o.e.m.c.i.embedder.EclipseLogger - Using platform encoding (GBK actually) to copy filtered resources, i.e. build is platform dependent!
2021-04-19 19:00:21,774 [Worker-663: Building] INFO  o.e.m.c.i.embedder.EclipseLogger - skip non existing resourceDirectory D:\eclipse\product\medicalAutoTest\src\test\resources
2021-04-19 19:00:22,221 [Worker-663: Building] WARN  o.e.m.c.i.embedder.EclipseLogger - Using platform encoding (GBK actually) to copy filtered resources, i.e. build is platform dependent!
2021-04-19 19:00:22,235 [Worker-663: Building] INFO  o.e.m.c.i.embedder.EclipseLogger - skip non existing resourceDirectory D:\eclipse\product\productFinanceAutoTest\src\main\resources
2021-04-19 19:00:22,236 [Worker-663: Building] WARN  o.e.m.c.i.embedder.EclipseLogger - Using platform encoding (GBK actually) to copy filtered resources, i.e. build is platform dependent!
2021-04-19 19:00:22,249 [Worker-663: Building] INFO  o.e.m.c.i.embedder.EclipseLogger - skip non existing resourceDirectory D:\eclipse\product\productFinanceAutoTest\src\test\resources
2021-04-19 19:06:24,533 [Worker-672: Launching productFinanceAutoTest_config.api.login.xml] WARN  o.e.m.c.i.embedder.EclipseLogger - Using platform encoding (GBK actually) to copy filtered resources, i.e. build is platform dependent!
2021-04-19 19:06:24,542 [Worker-672: Launching productFinanceAutoTest_config.api.login.xml] INFO  o.e.m.c.i.embedder.EclipseLogger - skip non existing resourceDirectory D:\eclipse\product\productFinanceAutoTest\src\main\resources
2021-04-19 19:06:24,544 [Worker-672: Launching productFinanceAutoTest_config.api.login.xml] WARN  o.e.m.c.i.embedder.EclipseLogger - Using platform encoding (GBK actually) to copy filtered resources, i.e. build is platform dependent!
2021-04-19 19:06:24,553 [Worker-672: Launching productFinanceAutoTest_config.api.login.xml] INFO  o.e.m.c.i.embedder.EclipseLogger - skip non existing resourceDirectory D:\eclipse\product\productFinanceAutoTest\src\test\resources
2021-09-17 16:25:01,691 [Worker-6: Loading available Gradle versions] INFO  o.e.b.c.i.u.g.PublishedGradleVersions - Gradle version information cache is out-of-date. Trying to update.
2021-09-17 16:25:08,413 [Worker-0: Building] WARN  o.e.m.c.i.embedder.EclipseLogger - Using platform encoding (UTF-8 actually) to copy filtered resources, i.e. build is platform dependent!
2021-09-17 16:25:08,439 [Worker-0: Building] INFO  o.e.m.c.i.embedder.EclipseLogger - skip non existing resourceDirectory D:\eclipse\product\businessExaminationAutoTest\src\main\resources
2021-09-17 16:25:08,441 [Worker-0: Building] WARN  o.e.m.c.i.embedder.EclipseLogger - Using platform encoding (UTF-8 actually) to copy filtered resources, i.e. build is platform dependent!
2021-09-17 16:25:08,452 [Worker-0: Building] INFO  o.e.m.c.i.embedder.EclipseLogger - skip non existing resourceDirectory D:\eclipse\product\businessExaminationAutoTest\src\test\resources
2021-09-17 16:25:09,438 [Worker-8: Building] WARN  o.e.m.c.i.embedder.EclipseLogger - Using platform encoding (UTF-8 actually) to copy filtered resources, i.e. build is platform dependent!
2021-09-17 16:25:09,454 [Worker-8: Building] INFO  o.e.m.c.i.embedder.EclipseLogger - skip non existing resourceDirectory D:\eclipse\product\businessExaminationAutoTest\src\main\resources
2021-09-17 16:25:09,456 [Worker-8: Building] WARN  o.e.m.c.i.embedder.EclipseLogger - Using platform encoding (UTF-8 actually) to copy filtered resources, i.e. build is platform dependent!
2021-09-17 16:25:09,474 [Worker-8: Building] INFO  o.e.m.c.i.embedder.EclipseLogger - skip non existing resourceDirectory D:\eclipse\product\businessExaminationAutoTest\src\test\resources
2021-09-17 16:25:15,118 [Worker-0: Building] WARN  o.e.m.c.i.embedder.EclipseLogger - Using platform encoding (UTF-8 actually) to copy filtered resources, i.e. build is platform dependent!
2021-09-17 16:25:15,132 [Worker-0: Building] INFO  o.e.m.c.i.embedder.EclipseLogger - skip non existing resourceDirectory D:\eclipse\product\medicalAutoTest\src\main\resources
2021-09-17 16:25:15,133 [Worker-0: Building] WARN  o.e.m.c.i.embedder.EclipseLogger - Using platform encoding (UTF-8 actually) to copy filtered resources, i.e. build is platform dependent!
2021-09-17 16:25:15,140 [Worker-0: Building] INFO  o.e.m.c.i.embedder.EclipseLogger - skip non existing resourceDirectory D:\eclipse\product\medicalAutoTest\src\test\resources
2021-09-17 16:25:16,079 [Worker-1: Building] WARN  o.e.m.c.i.embedder.EclipseLogger - Using platform encoding (UTF-8 actually) to copy filtered resources, i.e. build is platform dependent!
2021-09-17 16:25:16,096 [Worker-1: Building] INFO  o.e.m.c.i.embedder.EclipseLogger - skip non existing resourceDirectory D:\eclipse\product\medicalAutoTest\src\main\resources
2021-09-17 16:25:16,098 [Worker-1: Building] WARN  o.e.m.c.i.embedder.EclipseLogger - Using platform encoding (UTF-8 actually) to copy filtered resources, i.e. build is platform dependent!
2021-09-17 16:25:16,108 [Worker-1: Building] INFO  o.e.m.c.i.embedder.EclipseLogger - skip non existing resourceDirectory D:\eclipse\product\medicalAutoTest\src\test\resources
2021-09-17 16:25:17,523 [Worker-1: Building] WARN  o.e.m.c.i.embedder.EclipseLogger - Using platform encoding (UTF-8 actually) to copy filtered resources, i.e. build is platform dependent!
2021-09-17 16:25:17,529 [Worker-1: Building] INFO  o.e.m.c.i.embedder.EclipseLogger - skip non existing resourceDirectory D:\eclipse\product\productFinanceAutoTest\src\main\resources
2021-09-17 16:25:17,530 [Worker-1: Building] WARN  o.e.m.c.i.embedder.EclipseLogger - Using platform encoding (UTF-8 actually) to copy filtered resources, i.e. build is platform dependent!
2021-09-17 16:25:17,534 [Worker-1: Building] INFO  o.e.m.c.i.embedder.EclipseLogger - skip non existing resourceDirectory D:\eclipse\product\productFinanceAutoTest\src\test\resources
